[INFO] TrainerAgent.initialize: creating replay buffer of size [1280]
1,2= 1.0
2,2= 1.0
1,2= 0.5
2,2= 0.5
6,2= 1.0
7,2= 1.0
8,1= 1.0
0,3= 1.0
1,4= 1.0
2,4= 1.0
6,2= 0.5
7,2= 0.5
8,1= 0.5
0,3= 0.5
1,4= 0.5
2,4= 0.5
6,2= 0.5
7,4= 1.0
8,5= 1.0
0,3= 0.5
1,4= 0.5
2,4= 0.5
6,2= 0.5
7,7= 1.0
8,7= 1.0
9,6= 1.0
0,3= 0.5
1,4= 0.5
2,4= 0.5
6,2= 0.5
7,7= 0.5
8,9= 1.0
9,8= 1.0
0,3= 0.5
1,4= 0.5
2,4= 0.5
6,2= 0.5
7,11= 1.0
8,11= 1.0
9,10= 1.0
0,3= 0.5
1,4= 0.5
2,4= 0.5
3,2= 1.0
4,2= 1.0
5,2= 1.0
6,2= 0.5
7,11= 0.5
8,11= 0.5
9,10= 0.5
0,3= 0.5
1,4= 0.5
2,4= 0.5
3,2= 0.5
4,4= 1.0
5,4= 1.0
6,2= 0.5
7,11= 0.5
8,11= 0.5
9,10= 0.5
0,3= 0.5
1,4= 0.5
2,4= 0.5
3,2= 0.5
4,4= 0.5
5,4= 0.5
6,13= 1.0
7,13= 1.0
8,12= 1.0
9,10= 0.5
0,3= 0.5
1,4= 0.5
2,4= 0.5
3,2= 0.5
4,4= 0.5
5,4= 0.5
6,16= 1.0
7,15= 1.0
8,12= 0.5
9,10= 0.5
0,3= 0.5
1,4= 0.5
2,4= 0.5
3,2= 0.5
4,4= 0.5
5,4= 0.5
6,17= 1.0
7,18= 1.0
8,12= 0.5
9,10= 0.5
0,3= 0.5
1,4= 0.5
2,4= 0.5
3,2= 0.5
4,4= 0.5
5,6= 1.0
6,17= 0.5
7,18= 0.5
8,12= 0.5
9,10= 0.5
0,3= 0.5
1,4= 0.5
2,4= 0.5
3,7= 1.0
4,7= 1.0
5,7= 1.0
6,17= 0.5
7,18= 0.5
8,12= 0.5
9,10= 0.5
0,3= 0.5
1,4= 0.5
2,4= 0.5
3,7= 0.5
4,7= 0.5
5,7= 0.5
6,19= 1.0
7,20= 1.0
8,12= 0.5
9,10= 0.5
0,3= 0.5
1,4= 0.5
2,4= 0.5
3,7= 0.5
4,7= 0.5
5,9= 1.0
6,19= 0.5
7,20= 0.5
8,12= 0.5
9,10= 0.5
0,3= 0.5
1,4= 0.5
2,8= 1.0
3,8= 1.0
4,8= 1.0
5,9= 0.5
6,19= 0.5
7,20= 0.5
8,12= 0.5
9,10= 0.5
